<?xml version="1.0" encoding="UTF-8"?>
<!-- Generated by org.testng.reporters.JUnitXMLReporter -->
<testsuite ignored="0" hostname="Rohans-MacBook-Air.local" failures="0" tests="11" name="Default test" time="82.155" errors="0" timestamp="20 Feb 2018 18:20:33 GMT">
  <testcase classname="com.capitalone.qa.testcases.coHomePageTest" name="HomePageTitleTest" time="0.027"/>
  <testcase classname="com.capitalone.qa.testcases.coHomePageTest" name="FAQLinkLabelTest" time="0.051"/>
  <testcase classname="com.capitalone.qa.testcases.coHomePageTest" name="ContactUsLinkLabelTest" time="0.042"/>
  <testcase classname="com.capitalone.qa.testcases.coHomePageTest" name="OurCreditCardsDDLinkTest" time="0.039"/>
  <testcase classname="com.capitalone.qa.testcases.coHomePageTest" name="WhyCapitalOneLinkTest" time="0.039"/>
  <testcase classname="com.capitalone.qa.testcases.coHomePageTest" name="CapitalOneLogoTest" time="0.039"/>
  <testcase classname="com.capitalone.qa.testcases.coHomePageTest" name="FAQLinkClickTest" time="1.399"/>
  <testcase classname="com.capitalone.qa.testcases.coHomePageTest" name="ContactUsLinkClickTest" time="1.907"/>
  <testcase classname="com.capitalone.qa.testcases.coHomePageTest" name="OurCreditCardDDLinkClickTest" time="1.915"/>
  <testcase classname="com.capitalone.qa.testcases.coHomePageTest" name="ViewAllCreditCardClickTest" time="1.316"/>
  <testcase classname="com.capitalone.qa.testcases.coHomePageTest" name="WhyCapitalOneClickTest" time="2.708"/>
</testsuite> <!-- Default test -->
