<?xml version="1.0" encoding="UTF-8"?>
<!-- Generated by org.testng.reporters.JUnitXMLReporter -->
<testsuite ignored="0" hostname="Rohans-MacBook-Air.local" failures="0" tests="2" name="CapitalOneTest" time="20.139" errors="0" timestamp="20 Feb 2018 18:15:48 GMT">
  <testcase classname="com.capitalone.qa.testcases.coHomePageTest" name="HomePageTitleTest" time="0.021"/>
  <testcase classname="com.capitalone.qa.testcases.coFAQPageTest" name="FAQPageTitleTest" time="0.01"/>
</testsuite> <!-- CapitalOneTest -->
