<?xml version="1.0" encoding="UTF-8"?>
<testng-results ignored="0" total="11" passed="11" failed="0" skipped="0">
  <reporter-output>
  </reporter-output>
  <suite started-at="2018-02-20T18:19:11Z" name="Default suite" finished-at="2018-02-20T18:20:33Z" duration-ms="82155">
    <groups>
    </groups>
    <test started-at="2018-02-20T18:19:11Z" name="Default test" finished-at="2018-02-20T18:20:33Z" duration-ms="82155">
      <class name="com.capitalone.qa.testcases.coHomePageTest">
        <test-method is-config="true" signature="setUp()[pri:0, instance:com.capitalone.qa.testcases.coHomePageTest@87a85e1]" started-at="2018-02-20T13:19:11Z" name="setUp" finished-at="2018-02-20T13:19:18Z" duration-ms="7350" status="PASS">
          <reporter-output>
          </reporter-output>
        </test-method> <!-- setUp -->
        <test-method signature="HomePageTitleTest()[pri:1, instance:com.capitalone.qa.testcases.coHomePageTest@87a85e1]" started-at="2018-02-20T13:19:18Z" name="HomePageTitleTest" finished-at="2018-02-20T13:19:18Z" duration-ms="27" status="PASS">
          <reporter-output>
          </reporter-output>
        </test-method> <!-- HomePageTitleTest -->
        <test-method is-config="true" signature="tearDown()[pri:0, instance:com.capitalone.qa.testcases.coHomePageTest@87a85e1]" started-at="2018-02-20T13:19:18Z" name="tearDown" finished-at="2018-02-20T13:19:18Z" duration-ms="86" status="PASS">
          <reporter-output>
          </reporter-output>
        </test-method> <!-- tearDown -->
        <test-method is-config="true" signature="setUp()[pri:0, instance:com.capitalone.qa.testcases.coHomePageTest@87a85e1]" started-at="2018-02-20T13:19:18Z" name="setUp" finished-at="2018-02-20T13:19:24Z" duration-ms="5322" status="PASS">
          <reporter-output>
          </reporter-output>
        </test-method> <!-- setUp -->
        <test-method signature="FAQLinkLabelTest()[pri:2, instance:com.capitalone.qa.testcases.coHomePageTest@87a85e1]" started-at="2018-02-20T13:19:24Z" name="FAQLinkLabelTest" finished-at="2018-02-20T13:19:24Z" duration-ms="51" status="PASS">
          <reporter-output>
          </reporter-output>
        </test-method> <!-- FAQLinkLabelTest -->
        <test-method is-config="true" signature="tearDown()[pri:0, instance:com.capitalone.qa.testcases.coHomePageTest@87a85e1]" started-at="2018-02-20T13:19:24Z" name="tearDown" finished-at="2018-02-20T13:19:24Z" duration-ms="87" status="PASS">
          <reporter-output>
          </reporter-output>
        </test-method> <!-- tearDown -->
        <test-method is-config="true" signature="setUp()[pri:0, instance:com.capitalone.qa.testcases.coHomePageTest@87a85e1]" started-at="2018-02-20T13:19:24Z" name="setUp" finished-at="2018-02-20T13:19:29Z" duration-ms="5285" status="PASS">
          <reporter-output>
          </reporter-output>
        </test-method> <!-- setUp -->
        <test-method signature="ContactUsLinkLabelTest()[pri:3, instance:com.capitalone.qa.testcases.coHomePageTest@87a85e1]" started-at="2018-02-20T13:19:29Z" name="ContactUsLinkLabelTest" finished-at="2018-02-20T13:19:29Z" duration-ms="42" status="PASS">
          <reporter-output>
          </reporter-output>
        </test-method> <!-- ContactUsLinkLabelTest -->
        <test-method is-config="true" signature="tearDown()[pri:0, instance:com.capitalone.qa.testcases.coHomePageTest@87a85e1]" started-at="2018-02-20T13:19:29Z" name="tearDown" finished-at="2018-02-20T13:19:29Z" duration-ms="81" status="PASS">
          <reporter-output>
          </reporter-output>
        </test-method> <!-- tearDown -->
        <test-method is-config="true" signature="setUp()[pri:0, instance:com.capitalone.qa.testcases.coHomePageTest@87a85e1]" started-at="2018-02-20T13:19:29Z" name="setUp" finished-at="2018-02-20T13:19:37Z" duration-ms="7597" status="PASS">
          <reporter-output>
          </reporter-output>
        </test-method> <!-- setUp -->
        <test-method signature="OurCreditCardsDDLinkTest()[pri:4, instance:com.capitalone.qa.testcases.coHomePageTest@87a85e1]" started-at="2018-02-20T13:19:37Z" name="OurCreditCardsDDLinkTest" finished-at="2018-02-20T13:19:37Z" duration-ms="39" status="PASS">
          <reporter-output>
          </reporter-output>
        </test-method> <!-- OurCreditCardsDDLinkTest -->
        <test-method is-config="true" signature="tearDown()[pri:0, instance:com.capitalone.qa.testcases.coHomePageTest@87a85e1]" started-at="2018-02-20T13:19:37Z" name="tearDown" finished-at="2018-02-20T13:19:37Z" duration-ms="84" status="PASS">
          <reporter-output>
          </reporter-output>
        </test-method> <!-- tearDown -->
        <test-method is-config="true" signature="setUp()[pri:0, instance:com.capitalone.qa.testcases.coHomePageTest@87a85e1]" started-at="2018-02-20T13:19:37Z" name="setUp" finished-at="2018-02-20T13:19:42Z" duration-ms="5558" status="PASS">
          <reporter-output>
          </reporter-output>
        </test-method> <!-- setUp -->
        <test-method signature="WhyCapitalOneLinkTest()[pri:5, instance:com.capitalone.qa.testcases.coHomePageTest@87a85e1]" started-at="2018-02-20T13:19:42Z" name="WhyCapitalOneLinkTest" finished-at="2018-02-20T13:19:43Z" duration-ms="39" status="PASS">
          <reporter-output>
          </reporter-output>
        </test-method> <!-- WhyCapitalOneLinkTest -->
        <test-method is-config="true" signature="tearDown()[pri:0, instance:com.capitalone.qa.testcases.coHomePageTest@87a85e1]" started-at="2018-02-20T13:19:43Z" name="tearDown" finished-at="2018-02-20T13:19:43Z" duration-ms="87" status="PASS">
          <reporter-output>
          </reporter-output>
        </test-method> <!-- tearDown -->
        <test-method is-config="true" signature="setUp()[pri:0, instance:com.capitalone.qa.testcases.coHomePageTest@87a85e1]" started-at="2018-02-20T13:19:43Z" name="setUp" finished-at="2018-02-20T13:19:47Z" duration-ms="4723" status="PASS">
          <reporter-output>
          </reporter-output>
        </test-method> <!-- setUp -->
        <test-method signature="CapitalOneLogoTest()[pri:6, instance:com.capitalone.qa.testcases.coHomePageTest@87a85e1]" started-at="2018-02-20T13:19:47Z" name="CapitalOneLogoTest" finished-at="2018-02-20T13:19:47Z" duration-ms="39" status="PASS">
          <reporter-output>
          </reporter-output>
        </test-method> <!-- CapitalOneLogoTest -->
        <test-method is-config="true" signature="tearDown()[pri:0, instance:com.capitalone.qa.testcases.coHomePageTest@87a85e1]" started-at="2018-02-20T13:19:47Z" name="tearDown" finished-at="2018-02-20T13:19:47Z" duration-ms="82" status="PASS">
          <reporter-output>
          </reporter-output>
        </test-method> <!-- tearDown -->
        <test-method is-config="true" signature="setUp()[pri:0, instance:com.capitalone.qa.testcases.coHomePageTest@87a85e1]" started-at="2018-02-20T13:19:47Z" name="setUp" finished-at="2018-02-20T13:19:55Z" duration-ms="8003" status="PASS">
          <reporter-output>
          </reporter-output>
        </test-method> <!-- setUp -->
        <test-method signature="FAQLinkClickTest()[pri:7, instance:com.capitalone.qa.testcases.coHomePageTest@87a85e1]" started-at="2018-02-20T13:19:55Z" name="FAQLinkClickTest" finished-at="2018-02-20T13:19:57Z" duration-ms="1399" status="PASS">
          <reporter-output>
          </reporter-output>
        </test-method> <!-- FAQLinkClickTest -->
        <test-method is-config="true" signature="tearDown()[pri:0, instance:com.capitalone.qa.testcases.coHomePageTest@87a85e1]" started-at="2018-02-20T13:19:57Z" name="tearDown" finished-at="2018-02-20T13:19:57Z" duration-ms="86" status="PASS">
          <reporter-output>
          </reporter-output>
        </test-method> <!-- tearDown -->
        <test-method is-config="true" signature="setUp()[pri:0, instance:com.capitalone.qa.testcases.coHomePageTest@87a85e1]" started-at="2018-02-20T13:19:57Z" name="setUp" finished-at="2018-02-20T13:20:05Z" duration-ms="8166" status="PASS">
          <reporter-output>
          </reporter-output>
        </test-method> <!-- setUp -->
        <test-method signature="ContactUsLinkClickTest()[pri:8, instance:com.capitalone.qa.testcases.coHomePageTest@87a85e1]" started-at="2018-02-20T13:20:05Z" name="ContactUsLinkClickTest" finished-at="2018-02-20T13:20:07Z" duration-ms="1907" status="PASS">
          <reporter-output>
          </reporter-output>
        </test-method> <!-- ContactUsLinkClickTest -->
        <test-method is-config="true" signature="tearDown()[pri:0, instance:com.capitalone.qa.testcases.coHomePageTest@87a85e1]" started-at="2018-02-20T13:20:07Z" name="tearDown" finished-at="2018-02-20T13:20:07Z" duration-ms="81" status="PASS">
          <reporter-output>
          </reporter-output>
        </test-method> <!-- tearDown -->
        <test-method is-config="true" signature="setUp()[pri:0, instance:com.capitalone.qa.testcases.coHomePageTest@87a85e1]" started-at="2018-02-20T13:20:07Z" name="setUp" finished-at="2018-02-20T13:20:15Z" duration-ms="8021" status="PASS">
          <reporter-output>
          </reporter-output>
        </test-method> <!-- setUp -->
        <test-method signature="OurCreditCardDDLinkClickTest()[pri:9, instance:com.capitalone.qa.testcases.coHomePageTest@87a85e1]" started-at="2018-02-20T13:20:15Z" name="OurCreditCardDDLinkClickTest" finished-at="2018-02-20T13:20:17Z" duration-ms="1915" status="PASS">
          <reporter-output>
          </reporter-output>
        </test-method> <!-- OurCreditCardDDLinkClickTest -->
        <test-method is-config="true" signature="tearDown()[pri:0, instance:com.capitalone.qa.testcases.coHomePageTest@87a85e1]" started-at="2018-02-20T13:20:17Z" name="tearDown" finished-at="2018-02-20T13:20:17Z" duration-ms="79" status="PASS">
          <reporter-output>
          </reporter-output>
        </test-method> <!-- tearDown -->
        <test-method is-config="true" signature="setUp()[pri:0, instance:com.capitalone.qa.testcases.coHomePageTest@87a85e1]" started-at="2018-02-20T13:20:17Z" name="setUp" finished-at="2018-02-20T13:20:22Z" duration-ms="4686" status="PASS">
          <reporter-output>
          </reporter-output>
        </test-method> <!-- setUp -->
        <test-method signature="ViewAllCreditCardClickTest()[pri:10, instance:com.capitalone.qa.testcases.coHomePageTest@87a85e1]" started-at="2018-02-20T13:20:22Z" name="ViewAllCreditCardClickTest" finished-at="2018-02-20T13:20:23Z" duration-ms="1316" status="PASS">
          <reporter-output>
          </reporter-output>
        </test-method> <!-- ViewAllCreditCardClickTest -->
        <test-method is-config="true" signature="tearDown()[pri:0, instance:com.capitalone.qa.testcases.coHomePageTest@87a85e1]" started-at="2018-02-20T13:20:23Z" name="tearDown" finished-at="2018-02-20T13:20:23Z" duration-ms="90" status="PASS">
          <reporter-output>
          </reporter-output>
        </test-method> <!-- tearDown -->
        <test-method is-config="true" signature="setUp()[pri:0, instance:com.capitalone.qa.testcases.coHomePageTest@87a85e1]" started-at="2018-02-20T13:20:23Z" name="setUp" finished-at="2018-02-20T13:20:30Z" duration-ms="6940" status="PASS">
          <reporter-output>
          </reporter-output>
        </test-method> <!-- setUp -->
        <test-method signature="WhyCapitalOneClickTest()[pri:11, instance:com.capitalone.qa.testcases.coHomePageTest@87a85e1]" started-at="2018-02-20T13:20:30Z" name="WhyCapitalOneClickTest" finished-at="2018-02-20T13:20:33Z" duration-ms="2708" status="PASS">
          <reporter-output>
          </reporter-output>
        </test-method> <!-- WhyCapitalOneClickTest -->
        <test-method is-config="true" signature="tearDown()[pri:0, instance:com.capitalone.qa.testcases.coHomePageTest@87a85e1]" started-at="2018-02-20T13:20:33Z" name="tearDown" finished-at="2018-02-20T13:20:33Z" duration-ms="88" status="PASS">
          <reporter-output>
          </reporter-output>
        </test-method> <!-- tearDown -->
      </class> <!-- com.capitalone.qa.testcases.coHomePageTest -->
    </test> <!-- Default test -->
  </suite> <!-- Default suite -->
</testng-results>
